<?xml version="1.0" encoding="UTF-8"?>
<testsuites name="jest tests" tests="2" failures="0" time="1.505">
  <testsuite name="myFunc" errors="0" failures="0" skipped="0" timestamp="2019-10-10T18:16:34" time="0.899" tests="2">
    <testcase classname="myFunc get first" name="myFunc get first" time="0.003">
    </testcase>
    <testcase classname="myFunc get first (wrong)" name="myFunc get first (wrong)" time="0">
    </testcase>
  </testsuite>
</testsuites>